Arguments: 
  /usr/local/bin/node /usr/local/bin/yarn add thinkjs@2 -g --verbose

PATH: 
  /Users/shuxun/bin:/Users/shuxun/self_bin/phantomjs/bin:/usr/local/bin:/usr/local/bin:/usr/bin:/bin:/usr/sbin:/sbin:/usr/local/git/bin

Yarn version: 
  0.19.1

Node version: 
  7.1.0

Platform: 
  darwin x64

npm manifest: 
  {
    "name": "back",
    "version": "0.0.1",
    "description": "back end to decribe a node server ",
    "main": "index.js",
    "scripts": {
      "test": "babel-node --harmony test",
      "server": "babel-node --harmony server",
      "precommit": "lint-staged"
    },
    "lint-staged": {
      "gitDir": ".",
      "linters": {
        "../livetv/**/*.js": [
          "prettier --single-quote --print-width=90 --trailing-comma=all --write"
        ]
      }
    },
    "author": "",
    "license": "ISC",
    "dependencies": {
      "babel-preset-env": "^1.4.0",
      "babel-preset-stage-0": "^6.24.1",
      "cheerio": "^0.22.0",
      "express": "^4.15.2",
      "then-request": "^2.2.0"
    },
    "devDependencies": {
      "babel-preset-es2015": "^6.24.1",
      "husky": "^0.13.3",
      "lint-staged": "^3.4.0",
      "prettier": "^1.2.2",
      "require": "^2.4.20"
    }
  }

yarn manifest: 
  No manifest

Lockfile: 
  No lockfile

Trace: 
  Error: ENOENT: no such file or directory, open '/Users/shuxun/IdeaProject/Mine/livetv/node_modules/babel-helper-builder-binary-assignment-operator-visitor/node_modules/babel-runtime/package.json'
